[debug] > Exec(early(addDefaultCommands), None, None)
[debug] > Exec(addDefaultCommands, None, None)
[debug] > Exec(early(initialize), None, None)
[debug] > Exec(initialize, None, None)
[debug] > Exec(early(addPluginSbtFile="""C:\Users\dafonser\AppData\Local\Temp\idea28556.sbt"""), None, None)
[debug] > Exec(addPluginSbtFile="""C:\Users\dafonser\AppData\Local\Temp\idea28556.sbt""", None, None)
[debug] > Exec(boot, None, None)
[debug] > Exec(writeSbtVersion, None, None)
[debug] > Exec(reload, None, None)
[debug] > Exec(sbtStashOnFailure, None, None)
[debug] > Exec(onFailure loadFailed, None, None)
[debug] > Exec(loadp, None, None)
[info] welcome to sbt 1.5.8 (Oracle Corporation Java 11.0.14)
[debug]       Load.loadUnit: plugins took 69.34ms
[debug]       Load.loadUnit: defsScala took 0.2233ms
[debug] [Loading] Scanning directory C:\Users\dafonser\.sbt\1.0\plugins
[debug] [Loading] Found non-root projects 
[debug] [Loading] Done in C:\Users\dafonser\.sbt\1.0\plugins, returning: ()
[debug] deducing auto plugins based on known facts Set(Atom(sbt.plugins.CorePlugin)) and clauses Clauses(Clause(Atom(sbt.plugins.JvmPlugin),Set(Atom(sbt.plugins.IvyPlugin)))
[debug] Clause(Atom(sbt.ScriptedPlugin),Set(Atom(sbt.plugins.JvmPlugin)))
[debug] Clause(Atom(sbt.plugins.SbtPlugin),Set(Atom(sbt.ScriptedPlugin)))
[debug] Clause(Atom(sbt.plugins.SemanticdbPlugin),Set(Atom(sbt.plugins.JvmPlugin)))
[debug] Clause(Atom(sbt.plugins.JUnitXmlReportPlugin),Set(Atom(sbt.plugins.JvmPlugin)))
[debug] Clause(Atom(sbt.plugins.MiniDependencyTreePlugin),Set(Atom(sbt.plugins.JvmPlugin)))
[debug] Clause(Atom(sbt.plugins.CorePlugin),Set(Atom(sbt.plugins.IvyPlugin)))
[debug] Clause(Atom(sbt.plugins.IvyPlugin),Set(Atom(sbt.plugins.JvmPlugin)))
[debug] Clause(Atom(sbt.plugins.JvmPlugin),Set(Atom(sbt.plugins.SemanticdbPlugin)))
[debug] Clause(Atom(sbt.plugins.JvmPlugin),Set(Atom(sbt.plugins.JUnitXmlReportPlugin)))
[debug] Clause(Atom(sbt.plugins.CorePlugin),Set(Atom(sbt.plugins.Giter8TemplatePlugin)))
[debug] Clause(Atom(sbt.plugins.JvmPlugin),Set(Atom(sbt.plugins.MiniDependencyTreePlugin))))
[debug]   :: deduced result: Matched(sbt.plugins.CorePlugin,sbt.plugins.Giter8TemplatePlugin,sbt.plugins.IvyPlugin,sbt.plugins.JvmPlugin,sbt.plugins.MiniDependencyTreePlugin,sbt.plugins.JUnitXmlReportPlugin,sbt.plugins.SemanticdbPlugin)
[debug] Plugins.deducer#function took 11.9551 ms
[debug]           Load.resolveProject(global-plugins) took 37.8987ms
[debug]         Load.loadTransitive: finalizeProject(Project(id global-plugins, base: C:\Users\dafonser\.sbt\1.0\plugins, plugins: List(<none>))) took 71.8481ms
[debug] [Loading] Done in C:\Users\dafonser\.sbt\1.0\plugins, returning: (global-plugins)
[debug]       Load.loadUnit: loadedProjectsRaw took 88.5772ms
[debug]       Load.loadUnit: cleanEvalClasses took 0.1728ms
[debug]     Load.loadUnit(file:/C:/Users/dafonser/.sbt/1.0/plugins/, ...) took 166.1541ms
[debug]   Load.apply: load took 334.1051ms
[debug]   Load.apply: resolveProjects took 4.5102ms
[debug]   Load.apply: finalTransforms took 44.4837ms
[debug]   Load.apply: config.delegates took 8.0331ms
[debug]   Load.apply: Def.make(settings)... took 369.1275ms
[debug]   Load.apply: structureIndex took 108.7219ms
[debug]   Load.apply: mkStreams took 2.1774ms
[info] loading global plugins from C:\Users\dafonser\.sbt\1.0\plugins
[debug] Running task... Cancel: Signal, check cycles: false, forcegc: true
[debug] Load.defaultLoad until apply took 2177.5156ms
[debug]           Load.loadUnit: plugins took 20.3945ms
[debug]           Load.loadUnit: defsScala took 0.0036ms
[debug] [Loading] Scanning directory C:\Users\dafonser\source\service\untitled1\project
[debug]             Load.loadUnit: mkEval took 5.5611ms
[debug] [Loading] Found non-root projects 
[debug] [Loading] Done in C:\Users\dafonser\source\service\untitled1\project, returning: ()
[debug] deducing auto plugins based on known facts Set(Atom(sbt.plugins.CorePlugin)) and clauses Clauses(Clause(Atom(sbt.plugins.JvmPlugin),Set(Atom(sbt.plugins.IvyPlugin)))
[debug] Clause(Atom(sbt.ScriptedPlugin),Set(Atom(sbt.plugins.JvmPlugin)))
[debug] Clause(Atom(sbt.plugins.SbtPlugin),Set(Atom(sbt.ScriptedPlugin)))
[debug] Clause(Atom(sbt.plugins.SemanticdbPlugin),Set(Atom(sbt.plugins.JvmPlugin)))
[debug] Clause(Atom(sbt.plugins.JUnitXmlReportPlugin),Set(Atom(sbt.plugins.JvmPlugin)))
[debug] Clause(Atom(sbt.plugins.MiniDependencyTreePlugin),Set(Atom(sbt.plugins.JvmPlugin)))
[debug] Clause(Atom(sbt.plugins.CorePlugin),Set(Atom(sbt.plugins.IvyPlugin)))
[debug] Clause(Atom(sbt.plugins.IvyPlugin),Set(Atom(sbt.plugins.JvmPlugin)))
[debug] Clause(Atom(sbt.plugins.JvmPlugin),Set(Atom(sbt.plugins.SemanticdbPlugin)))
[debug] Clause(Atom(sbt.plugins.JvmPlugin),Set(Atom(sbt.plugins.JUnitXmlReportPlugin)))
[debug] Clause(Atom(sbt.plugins.CorePlugin),Set(Atom(sbt.plugins.Giter8TemplatePlugin)))
[debug] Clause(Atom(sbt.plugins.JvmPlugin),Set(Atom(sbt.plugins.MiniDependencyTreePlugin))))
[debug]   :: deduced result: Matched(sbt.plugins.CorePlugin,sbt.plugins.Giter8TemplatePlugin,sbt.plugins.IvyPlugin,sbt.plugins.JvmPlugin,sbt.plugins.MiniDependencyTreePlugin,sbt.plugins.JUnitXmlReportPlugin,sbt.plugins.SemanticdbPlugin)
[debug] Plugins.deducer#function took 1.7073 ms
[info] loading settings for project untitled1-build from idea28556.sbt ...
[debug]               Load.resolveProject(untitled1-build) took 2.7701ms
[debug]             Load.loadTransitive: finalizeProject(Project(id untitled1-build, base: C:\Users\dafonser\source\service\untitled1\project, plugins: List(<none>))) took 4.9042ms
[debug] [Loading] Done in C:\Users\dafonser\source\service\untitled1\project, returning: (untitled1-build)
[debug]           Load.loadUnit: loadedProjectsRaw took 110.4393ms
[debug]           Load.loadUnit: cleanEvalClasses took 4.5482ms
[debug]         Load.loadUnit(file:/C:/Users/dafonser/source/service/untitled1/project/, ...) took 136.859ms
[debug]       Load.apply: load took 138.225ms
[debug]       Load.apply: resolveProjects took 0.1442ms
[debug]       Load.apply: finalTransforms took 9.0857ms
[debug]       Load.apply: config.delegates took 0.2832ms
[debug]       Load.apply: Def.make(settings)... took 69.5382ms
[debug]       Load.apply: structureIndex took 26.7464ms
[debug]       Load.apply: mkStreams took 0.0031ms
[info] loading project definition from C:\Users\dafonser\source\service\untitled1\project
[debug] Running task... Cancel: Signal, check cycles: false, forcegc: true
[debug]     Load.loadUnit: plugins took 474.4975ms
[debug]     Load.loadUnit: defsScala took 0.0036ms
[debug] [Loading] Scanning directory C:\Users\dafonser\source\service\untitled1
[debug]       Load.loadUnit: mkEval took 0.5443ms
[debug] [Loading] Found root project root w/ remaining 
[debug] deducing auto plugins based on known facts Set(Atom(sbt.plugins.CorePlugin)) and clauses Clauses(Clause(Atom(sbt.plugins.JvmPlugin),Set(Atom(sbt.plugins.IvyPlugin)))
[debug] Clause(Atom(sbt.ScriptedPlugin),Set(Atom(sbt.plugins.JvmPlugin)))
[debug] Clause(Atom(sbt.plugins.SbtPlugin),Set(Atom(sbt.ScriptedPlugin)))
[debug] Clause(Atom(sbt.plugins.SemanticdbPlugin),Set(Atom(sbt.plugins.JvmPlugin)))
[debug] Clause(Atom(sbt.plugins.JUnitXmlReportPlugin),Set(Atom(sbt.plugins.JvmPlugin)))
[debug] Clause(Atom(sbt.plugins.MiniDependencyTreePlugin),Set(Atom(sbt.plugins.JvmPlugin)))
[debug] Clause(Atom(org.jetbrains.sbt.StructurePlugin),Set(Atom(sbt.plugins.JvmPlugin)))
[debug] Clause(Atom(org.jetbrains.sbt.IdeaShellPlugin),Set(Atom(sbt.plugins.JvmPlugin)))
[debug] Clause(Atom(org.jetbrains.sbt.indices.SbtIntellijIndicesPlugin),Set(Atom(sbt.plugins.JvmPlugin)))
[debug] Clause(Atom(sbt.plugins.CorePlugin),Set(Atom(sbt.plugins.IvyPlugin)))
[debug] Clause(Atom(sbt.plugins.IvyPlugin),Set(Atom(sbt.plugins.JvmPlugin)))
[debug] Clause(Atom(sbt.plugins.JvmPlugin),Set(Atom(sbt.plugins.SemanticdbPlugin)))
[debug] Clause(Atom(sbt.plugins.JvmPlugin),Set(Atom(sbt.plugins.JUnitXmlReportPlugin)))
[debug] Clause(Atom(sbt.plugins.CorePlugin),Set(Atom(sbt.plugins.Giter8TemplatePlugin)))
[debug] Clause(Atom(sbt.plugins.JvmPlugin),Set(Atom(sbt.plugins.MiniDependencyTreePlugin)))
[debug] Clause(Atom(sbt.plugins.JvmPlugin),Set(Atom(org.jetbrains.sbt.StructurePlugin)))
[debug] Clause(Atom(sbt.plugins.JvmPlugin),Set(Atom(org.jetbrains.sbt.IdeaShellPlugin)))
[debug] Clause(And(Set(Atom(sbt.plugins.CorePlugin), Atom(sbt.plugins.JvmPlugin))),Set(Atom(org.jetbrains.sbt.indices.SbtIntellijIndicesPlugin))))
[debug]   :: deduced result: Matched(sbt.plugins.CorePlugin,sbt.plugins.Giter8TemplatePlugin,sbt.plugins.IvyPlugin,sbt.plugins.JvmPlugin,sbt.plugins.SemanticdbPlugin,org.jetbrains.sbt.indices.SbtIntellijIndicesPlugin,sbt.plugins.JUnitXmlReportPlugin,org.jetbrains.sbt.IdeaShellPlugin,org.jetbrains.sbt.StructurePlugin,sbt.plugins.MiniDependencyTreePlugin)
[debug] Plugins.deducer#function took 2.3227 ms
[info] loading settings for project root from build.sbt ...
[debug]         Load.resolveProject(root) took 32.0907ms
[debug]       Load.loadTransitive: finalizeProject(Project(id root, base: C:\Users\dafonser\source\service\untitled1, plugins: List(<none>))) took 36.4525ms
[debug] [Loading] Done in C:\Users\dafonser\source\service\untitled1, returning: (root)
[debug]     Load.loadUnit: loadedProjectsRaw took 103.5503ms
[debug]     Load.loadUnit: cleanEvalClasses took 7.677ms
[debug]   Load.loadUnit(file:/C:/Users/dafonser/source/service/untitled1/, ...) took 586.3874ms
[debug] Load.apply: load took 588.176ms
[debug] Load.apply: resolveProjects took 0.1459ms
[debug] Load.apply: finalTransforms took 23.169ms
[debug] Load.apply: config.delegates took 0.2852ms
[debug] Load.apply: Def.make(settings)... took 70.9535ms
[debug] Load.apply: structureIndex took 17.4775ms
[debug] Load.apply: mkStreams took 0.0031ms
[info] set current project to untitled1 (in build file:/C:/Users/dafonser/source/service/untitled1/)
[debug] > Exec(sbtPopOnFailure, None, None)
[debug] > Exec(resumeFromFailure, None, None)
[debug] > Exec(notifyUsersAboutShell, None, None)
[debug] > Exec(iflast shell, None, None)
[debug] > Exec(; set ideaPort in Global := 55144 ; idea-shell, None, None)
[debug] > Exec(set ideaPort in Global := 55144, None, None)
[info] Defining Global / ideaPort
[info] The new value will be used by Compile / compile, Test / compile
[debug] Defining 
[debug] 	Global / ideaPort
[debug] 
[debug] The new value will be used by 
[debug] 	Compile / compile
[debug] 	Test / compile
[info] Reapplying settings...
[info] set current project to untitled1 (in build file:/C:/Users/dafonser/source/service/untitled1/)
[debug] > Exec(idea-shell, None, None)
